[20:09:35] [main/INFO]: Loading Minecraft 1.21.11 with Fabric Loader 0.18.2
[20:09:36] [main/INFO]: Loading 104 mods:
	- alternate-current 1.9.0
	- c2me 0.3.6+beta.1.0+1.21.11
	   |-- c2me-base 0.3.6+beta.1.0+1.21.11
	   |-- c2me-client-uncapvd 0.3.6+beta.1.0+1.21.11
	   |-- c2me-fixes-chunkio-threading-issues 0.3.6+beta.1.0+1.21.11
	   |-- c2me-fixes-general-threading-issues 0.3.6+beta.1.0+1.21.11
	   |-- c2me-fixes-worldgen-threading-issues 0.3.6+beta.1.0+1.21.11
	   |-- c2me-fixes-worldgen-vanilla-bugs 0.3.6+beta.1.0+1.21.11
	   |-- c2me-notickvd 0.3.6+beta.1.0+1.21.11
	   |-- c2me-opts-allocs 0.3.6+beta.1.0+1.21.11
	   |-- c2me-opts-chunkio 0.3.6+beta.1.0+1.21.11
	   |-- c2me-opts-dfc 0.3.6+beta.1.0+1.21.11
	   |-- c2me-opts-math 0.3.6+beta.1.0+1.21.11
	   |-- c2me-opts-scheduling 0.3.6+beta.1.0+1.21.11
	   |-- c2me-opts-worldgen-general 0.3.6+beta.1.0+1.21.11
	   |-- c2me-opts-worldgen-vanilla 0.3.6+beta.1.0+1.21.11
	   |-- c2me-rewrites-chunk-serializer 0.3.6+beta.1.0+1.21.11
	   |-- c2me-rewrites-chunk-system 0.3.6+beta.1.0+1.21.11
	   |-- c2me-rewrites-chunkio 0.3.6+beta.1.0+1.21.11
	   |-- c2me-server-utils 0.3.6+beta.1.0+1.21.11
	   |-- c2me-threading-lighting 0.3.6+beta.1.0+1.21.11
	   |-- com_electronwill_night-config_core 3.6.5
	   |-- com_electronwill_night-config_toml 3.6.5
	   |-- com_ibm_async_asyncutil 0.1.0
	   |-- io_reactivex_rxjava3_rxjava 3.1.12
	   |-- mixinsquared 0.2.0-beta.6
	   |-- net_objecthunter_exp4j 0.4.8
	   |-- org_jctools_jctools-core 4.0.5
	   \-- org_reactivestreams_reactive-streams 1.0.4
	- carpet 1.4.193+v251211
	- cloth-config 21.11.151
	   \-- cloth-basic-math 0.6.1
	- collective 8.13
	- fabric-api 0.139.5+1.21.11
	   |-- fabric-api-base 1.0.5+4ebb5c083e
	   |-- fabric-api-lookup-api-v1 1.6.113+1fb1cde93e
	   |-- fabric-biome-api-v1 17.1.1+4fc5413f3e
	   |-- fabric-block-api-v1 1.1.10+4ebb5c083e
	   |-- fabric-block-view-api-v2 1.0.39+4ebb5c083e
	   |-- fabric-command-api-v2 2.4.7+6b42a6003e
	   |-- fabric-content-registries-v0 10.2.14+4fc5413f3e
	   |-- fabric-convention-tags-v1 2.1.55+7f945d5b3e
	   |-- fabric-convention-tags-v2 2.17.3+8ef948ba3e
	   |-- fabric-crash-report-info-v1 0.3.23+4ebb5c083e
	   |-- fabric-data-attachment-api-v1 1.8.43+1fb1cde93e
	   |-- fabric-data-generation-api-v1 23.3.0+ae1056283e
	   |-- fabric-dimensions-v1 4.0.28+4fc5413f3e
	   |-- fabric-entity-events-v1 3.0.5+4ebb5c083e
	   |-- fabric-events-interaction-v0 4.0.44+1fb1cde93e
	   |-- fabric-game-rule-api-v1 2.0.3+4fc5413f3e
	   |-- fabric-item-api-v1 11.5.20+d0c46b9e3e
	   |-- fabric-item-group-api-v1 4.2.36+4fc5413f3e
	   |-- fabric-key-binding-api-v1 1.1.7+4fc5413f3e
	   |-- fabric-lifecycle-events-v1 2.6.15+4ebb5c083e
	   |-- fabric-loot-api-v2 3.0.73+3f89f5a53e
	   |-- fabric-loot-api-v3 2.0.20+78c8b4663e
	   |-- fabric-message-api-v1 6.1.12+4ebb5c083e
	   |-- fabric-networking-api-v1 5.1.5+ae1e07683e
	   |-- fabric-object-builder-api-v1 21.1.38+4fc5413f3e
	   |-- fabric-particles-v1 4.2.11+4fc5413f3e
	   |-- fabric-recipe-api-v1 8.2.3+4ebb5c083e
	   |-- fabric-registry-sync-v0 6.2.4+4ebb5c083e
	   |-- fabric-rendering-fluids-v1 3.1.43+4ebb5c083e
	   |-- fabric-rendering-v1 16.2.6+1fb1cde93e
	   |-- fabric-resource-conditions-api-v1 5.0.35+4fc5413f3e
	   |-- fabric-resource-loader-v0 3.3.4+4fc5413f3e
	   |-- fabric-resource-loader-v1 1.0.10+78c8b4663e
	   |-- fabric-screen-api-v1 3.1.7+4ebb5c083e
	   |-- fabric-screen-handler-api-v1 1.3.160+4fc5413f3e
	   |-- fabric-serialization-api-v1 1.0.5+4ebb5c083e
	   |-- fabric-sound-api-v1 1.0.51+4fc5413f3e
	   |-- fabric-tag-api-v1 1.2.20+4fc5413f3e
	   |-- fabric-transfer-api-v1 6.0.24+4fc5413f3e
	   \-- fabric-transitive-access-wideners-v1 7.0.8+0107c3da3e
	- fabricloader 0.18.2
	   \-- mixinextras 0.5.0
	- ferritecore 8.0.3
	- java 21
	- lithium 0.21.1+mc1.21.11
	- minecraft 1.21.11
	- scalablelux 0.1.6+fabric.c25518a
	- servercore 1.5.15+1.21.11
	   |-- org_yaml_snakeyaml 2.5
	   |-- placeholder-api 2.8.1+1.21.10
	   |-- space_arim_dazzleconf_dazzleconf-core 1.3.0-M2
	   \-- space_arim_dazzleconf_dazzleconf-ext-snakeyaml 1.3.0-M2
	- skinshuffle 2.10.1
	   |-- com_drewnoakes_metadata-extractor 2.19.0
	   |-- com_konghq_unirest-java_standalone 3.11.9
	   |-- commons-validator_commons-validator 1.7
	   |-- org_jsoup_jsoup 1.16.1
	   |-- spruceui 9.1.0+1.21.11
	   |-- yet_another_config_lib_v3 3.8.1+1.21.11-fabric
	   |    |-- com_twelvemonkeys_common_common-image 3.12.0
	   |    |-- com_twelvemonkeys_common_common-io 3.12.0
	   |    |-- com_twelvemonkeys_common_common-lang 3.12.0
	   |    |-- com_twelvemonkeys_imageio_imageio-core 3.12.0
	   |    |-- com_twelvemonkeys_imageio_imageio-metadata 3.12.0
	   |    |-- com_twelvemonkeys_imageio_imageio-webp 3.12.0
	   |    |-- org_quiltmc_parsers_gson 0.2.1
	   |    \-- org_quiltmc_parsers_json 0.2.1
	   \-- yumi_mc_core 1.0.0-beta.1+1.21.11
	        |-- yumi_commons_collections 1.0.0
	        |-- yumi_commons_core 1.0.0
	        \-- yumi_commons_event 1.0.0
	- spark 1.10.156
	   \-- fabric-permissions-api-v0 0.6.1
	- syncmatica 0.3.15
	   \-- fabric-permissions-api-v0 0.6.1
	- voicechat 1.21.11-2.6.7
	   |-- fabric-key-binding-api-v1 1.1.7+4fc5413f53
	   |-- fabric-rendering-v1 16.2.5+1fb1cde953
	   \-- voicechat_api 2.6.0
[20:09:36] [main/INFO]: SpongePowered MIXIN Subsystem Version=0.8.7 Source=file:/workspaces/TechSurvival-RESPALDO/servidor_minecraft/libraries/net/fabricmc/sponge-mixin/0.16.5+mixin.0.8.7/sponge-mixin-0.16.5+mixin.0.8.7.jar Service=Knot/Fabric Env=SERVER
[20:09:36] [main/INFO]: Compatibility level set to JAVA_16
[20:09:36] [main/INFO]: Compatibility level set to JAVA_17
[20:09:36] [main/INFO]: Compatibility level set to JAVA_21
[20:09:37] [main/INFO]: Initializing com.ishland.c2me.base.mixin
[20:09:37] [main/INFO]: Global Executor Parallelism: 1 configured, 1 evaluated, 1 default evaluated
[20:09:37] [main/INFO]: Initializing com.ishland.c2me.fixes.chunkio.threading_issues.mixin
[20:09:37] [main/INFO]: Initializing com.ishland.c2me.fixes.general.threading_issues.mixin
[20:09:37] [main/INFO]: Initializing com.ishland.c2me.fixes.worldgen.threading_issues.mixin
[20:09:37] [main/INFO]: Initializing com.ishland.c2me.fixes.worldgen.vanilla_bugs.mixin
[20:09:37] [main/INFO]: Initializing com.ishland.c2me.notickvd.mixin
[20:09:37] [main/INFO]: Initializing com.ishland.c2me.opts.allocs.mixin
[20:09:37] [main/INFO]: Initializing com.ishland.c2me.opts.chunkio.mixin
[20:09:37] [main/INFO]: Initializing com.ishland.c2me.opts.dfc.mixin
[20:09:37] [main/INFO]: Initializing com.ishland.c2me.opts.math.mixin
[20:09:37] [main/INFO]: Initializing com.ishland.c2me.opts.scheduling.mixin
[20:09:37] [main/INFO]: Initializing com.ishland.c2me.opts.worldgen.general.mixin
[20:09:37] [main/INFO]: Initializing com.ishland.c2me.opts.worldgen.vanilla.mixin
[20:09:37] [main/INFO]: Initializing com.ishland.c2me.rewrites.chunk_serializer.mixin
[20:09:37] [main/INFO]: Disabling com.ishland.c2me.rewrites.chunk_serializer.mixin
[20:09:37] [main/INFO]: Initializing com.ishland.c2me.rewrites.chunksystem.mixin
[20:09:37] [main/INFO]: Initializing com.ishland.c2me.rewrites.chunkio.mixin
[20:09:37] [main/INFO]: Initializing com.ishland.c2me.server.utils.mixin
[20:09:37] [main/INFO]: Initializing com.ishland.c2me.threading.lighting.mixin
[20:09:37] [main/INFO]: Loaded configuration file for Lithium: 164 options available, 0 override(s) found.
[20:09:37] [main/WARN]: Reference map 'yet_another_config_lib_v3.refmap.json' for yacl.mixins.json could not be read. If this is a development environment you can ignore this message
[20:09:37] [main/WARN]: Reference map 'yet_another_config_lib_v3.refmap.json' for yacl-fabric.mixins.json could not be read. If this is a development environment you can ignore this message
[20:09:40] [main/INFO]: Initializing MixinExtras via com.llamalad7.mixinextras.service.MixinExtrasServiceImpl(version=0.5.0).
[20:09:54] [main/INFO]: Loading Collective version 8.13.
[20:09:55] [main/INFO]: [ServerCore] Loaded V1.5.15+1.21.11!
[20:09:55] [main/INFO]: [voicechat] Compatibility version 20
[20:09:55] [main/INFO]: [voicechat] Loading plugins
[20:09:55] [main/INFO]: [voicechat] Loaded 0 plugin(s)
[20:09:55] [main/INFO]: [voicechat] Initializing plugins
[20:09:55] [main/INFO]: [voicechat] Initialized 0 plugin(s)
[20:09:55] [main/INFO]: Initializing mods (entrypoint yumi:init)...
[20:09:55] [main/INFO]: Environment: Environment[sessionHost=https://sessionserver.mojang.com, servicesHost=https://api.minecraftservices.com, profilesHost=https://api.mojang.com, name=PROD]
[20:09:55] [main/ERROR]: Failed to start the minecraft server
net.minecraft.class_5125$class_5126: /workspaces/TechSurvival-RESPALDO/servidor_minecraft/./world/session.lock: already locked (possibly by other Minecraft instance?)
	at knot//net.minecraft.class_5125$class_5126.method_26805(class_5125.java:93)
	at knot//net.minecraft.class_5125.method_26803(class_5125.java:39)
	at knot//net.minecraft.class_32$class_5143.<init>(class_32.java:369)
	at knot//net.minecraft.class_32.method_52236(class_32.java:348)
	at knot//net.minecraft.server.Main.main(Main.java:138)
	at net.fabricmc.loader.impl.game.minecraft.MinecraftGameProvider.launch(MinecraftGameProvider.java:514)
	at net.fabricmc.loader.impl.launch.knot.Knot.launch(Knot.java:72)
	at net.fabricmc.loader.impl.launch.knot.KnotServer.main(KnotServer.java:23)
	at net.fabricmc.loader.impl.launch.server.FabricServerLauncher.main(FabricServerLauncher.java:69)
	at net.fabricmc.installer.ServerLauncher.main(ServerLauncher.java:69)
